<?xml version="1.0" encoding="UTF-8"?>
<testsuites>
  <testsuite name="CodeIgniter Application Test Suite" tests="11" assertions="19" failures="0" errors="0" time="3.785363">
    <testsuite name="TweetGetter_test" file="C:\xampp\htdocs\tweet-getter\application\tests\controllers\TweetGetter_test.php" fullPackage="TweetGetter" tests="4" assertions="12" failures="0" errors="0" time="3.635578">
      <testcase name="test_index" class="TweetGetter_test" file="C:\xampp\htdocs\tweet-getter\application\tests\controllers\TweetGetter_test.php" line="8" assertions="5" time="0.020164"/>
      <testcase name="test_get_tweet" class="TweetGetter_test" file="C:\xampp\htdocs\tweet-getter\application\tests\controllers\TweetGetter_test.php" line="18" assertions="5" time="3.593153"/>
      <testcase name="test_method_404" class="TweetGetter_test" file="C:\xampp\htdocs\tweet-getter\application\tests\controllers\TweetGetter_test.php" line="28" assertions="1" time="0.015470"/>
      <testcase name="test_APPPATH" class="TweetGetter_test" file="C:\xampp\htdocs\tweet-getter\application\tests\controllers\TweetGetter_test.php" line="34" assertions="1" time="0.006791"/>
    </testsuite>
    <testsuite name="Settings_test" file="C:\xampp\htdocs\tweet-getter\application\tests\models\Settings_test.php" fullPackage="Settings" tests="4" assertions="4" failures="0" errors="0" time="0.040355">
      <testcase name="test_get_period" class="Settings_test" file="C:\xampp\htdocs\tweet-getter\application\tests\models\Settings_test.php" line="7" assertions="1" time="0.001834"/>
      <testcase name="test_get_count" class="Settings_test" file="C:\xampp\htdocs\tweet-getter\application\tests\models\Settings_test.php" line="14" assertions="1" time="0.001751"/>
      <testcase name="test_get_username" class="Settings_test" file="C:\xampp\htdocs\tweet-getter\application\tests\models\Settings_test.php" line="21" assertions="1" time="0.002093"/>
      <testcase name="test_update" class="Settings_test" file="C:\xampp\htdocs\tweet-getter\application\tests\models\Settings_test.php" line="28" assertions="1" time="0.034677"/>
    </testsuite>
    <testsuite name="Tweets_test" file="C:\xampp\htdocs\tweet-getter\application\tests\models\Tweets_test.php" fullPackage="Tweets" tests="3" assertions="3" failures="0" errors="0" time="0.109430">
      <testcase name="test_get" class="Tweets_test" file="C:\xampp\htdocs\tweet-getter\application\tests\models\Tweets_test.php" line="7" assertions="1" time="0.003694"/>
      <testcase name="test_insert" class="Tweets_test" file="C:\xampp\htdocs\tweet-getter\application\tests\models\Tweets_test.php" line="14" assertions="1" time="0.071981"/>
      <testcase name="test_update" class="Tweets_test" file="C:\xampp\htdocs\tweet-getter\application\tests\models\Tweets_test.php" line="28" assertions="1" time="0.033755"/>
    </testsuite>
  </testsuite>
</testsuites>
